{
  "stats": {
    "suites": 1,
    "tests": 1,
    "passes": 0,
    "pending": 0,
    "failures": 1,
    "start": "2025-03-31T13:03:55.414Z",
    "end": "2025-03-31T13:03:55.867Z",
    "duration": 453,
    "testsRegistered": 1,
    "passPercent": 0,
    "pendingPercent": 0,
    "other": 0,
    "hasOther": false,
    "skipped": 0,
    "hasSkipped": false
  },
  "results": [
    {
      "uuid": "82a3ffeb-b217-41c0-af9c-370b91a7329b",
      "title": "",
      "fullFile": "cypress\\e2e\\champDate.cy.js",
      "file": "cypress\\e2e\\champDate.cy.js",
      "beforeHooks": [],
      "afterHooks": [],
      "tests": [],
      "suites": [
        {
          "uuid": "81a9b9a8-6951-4ce6-9f30-05ecaeb504be",
          "title": "Sélecteur Css",
          "fullFile": "",
          "file": "",
          "beforeHooks": [],
          "afterHooks": [],
          "tests": [
            {
              "title": "Test date picker",
              "fullTitle": "Sélecteur Css Test date picker",
              "timedOut": null,
              "duration": 338,
              "state": "failed",
              "speed": null,
              "pass": false,
              "fail": true,
              "pending": false,
              "context": null,
              "code": "const dateActuelle = dateDuJour();\nconst dateActuellePlusDeux = dateDuJourPlusDeux();\ncy.log(\"La date du jour est \", dateActuelle);\ncy.log(\"La date du jour plus deux \", dateActuellePlusDeux);\ncy.get(\".oxd-sidepanel-body\").contains(\"My Info\").click();\ncy.get(':nth-child(2) > .oxd-input-group > :nth-child(2) > .oxd-date-wrapper > .oxd-date-input > .oxd-input').then(datePicker => {\n  cy.wrap(datePicker).clear({\n    force: true\n  }).type(dateActuellePlusDeux);\n  cy.wrap(datePicker).should(\"have.value\", dateActuellePlusDeux, {\n    force: true\n  });\n  cy.screenshot(\"date picker\");\n});",
              "err": {
                "message": "CypressError: `cy.visit()` must be called with a `url` or an `options` object containing a `url` as its 1st argument\n\nhttps://on.cypress.io/visit\n\nBecause this error occurred during a `before all` hook we are skipping the remaining tests in the current suite: `Sélecteur Css`",
                "estack": "CypressError: `cy.visit()` must be called with a `url` or an `options` object containing a `url` as its 1st argument\n\nhttps://on.cypress.io/visit\n\nBecause this error occurred during a `before all` hook we are skipping the remaining tests in the current suite: `Sélecteur Css`\n    at Context.visit (https://opensource-demo.orangehrmlive.com/__cypress/runner/cypress_runner.js:133084:70)\n    at wrapped (https://opensource-demo.orangehrmlive.com/__cypress/runner/cypress_runner.js:139902:43)\nFrom Your Spec Code:\n    at Context.eval (webpack://cypressautomation/./cypress/support/commands.js:29:7)\n    at wrapped (https://opensource-demo.orangehrmlive.com/__cypress/runner/cypress_runner.js:139902:43)",
                "diff": null
              },
              "uuid": "2d411769-8675-4e30-a0c0-18363528a6bd",
              "parentUUID": "81a9b9a8-6951-4ce6-9f30-05ecaeb504be",
              "isHook": false,
              "skipped": false
            }
          ],
          "suites": [],
          "passes": [],
          "failures": [
            "2d411769-8675-4e30-a0c0-18363528a6bd"
          ],
          "pending": [],
          "skipped": [],
          "duration": 338,
          "root": false,
          "rootEmpty": false,
          "_timeout": 2000
        }
      ],
      "passes": [],
      "failures": [],
      "pending": [],
      "skipped": [],
      "duration": 0,
      "root": true,
      "rootEmpty": true,
      "_timeout": 2000
    }
  ],
  "meta": {
    "mocha": {
      "version": "7.0.1"
    },
    "mochawesome": {
      "options": {
        "quiet": false,
        "reportFilename": "mochawesome",
        "saveHtml": false,
        "saveJson": true,
        "consoleReporter": "spec",
        "useInlineDiffs": false,
        "code": true
      },
      "version": "7.1.3"
    },
    "marge": {
      "options": {
        "reportDir": "cypress\\results\\mochawesome\\.jsons",
        "overwrite": false,
        "html": false,
        "json": true
      },
      "version": "6.2.0"
    }
  }
}