{
  "stats": {
    "suites": 1,
    "tests": 1,
    "passes": 0,
    "pending": 0,
    "failures": 1,
    "start": "2025-03-31T13:09:09.326Z",
    "end": "2025-03-31T13:09:09.696Z",
    "duration": 370,
    "testsRegistered": 1,
    "passPercent": 0,
    "pendingPercent": 0,
    "other": 0,
    "hasOther": false,
    "skipped": 0,
    "hasSkipped": false
  },
  "results": [
    {
      "uuid": "fa16f357-6ff9-4bea-889d-159112484215",
      "title": "",
      "fullFile": "cypress\\e2e\\tableau.cy.js",
      "file": "cypress\\e2e\\tableau.cy.js",
      "beforeHooks": [],
      "afterHooks": [],
      "tests": [],
      "suites": [
        {
          "uuid": "e22bec0f-d46a-42df-85a3-ab5af1c993e5",
          "title": "Test tableau",
          "fullFile": "",
          "file": "",
          "beforeHooks": [],
          "afterHooks": [],
          "tests": [
            {
              "title": "Suppression infos utilisateur",
              "fullTitle": "Test tableau Suppression infos utilisateur",
              "timedOut": null,
              "duration": 304,
              "state": "failed",
              "speed": null,
              "pass": false,
              "fail": true,
              "pending": false,
              "context": null,
              "code": "pimPO.accesPim();\npimPO.suppressionAvecPoubelle();\npimPO.clickBoutonDelete();\npimPO.assertSuppression();\ncy.log(\"Infos supprimées avec succès\");",
              "err": {
                "message": "CypressError: `cy.visit()` must be called with a `url` or an `options` object containing a `url` as its 1st argument\n\nhttps://on.cypress.io/visit\n\nBecause this error occurred during a `before all` hook we are skipping the remaining tests in the current suite: `Test tableau`",
                "estack": "CypressError: `cy.visit()` must be called with a `url` or an `options` object containing a `url` as its 1st argument\n\nhttps://on.cypress.io/visit\n\nBecause this error occurred during a `before all` hook we are skipping the remaining tests in the current suite: `Test tableau`\n    at Context.visit (https://opensource-demo.orangehrmlive.com/__cypress/runner/cypress_runner.js:133084:70)\n    at wrapped (https://opensource-demo.orangehrmlive.com/__cypress/runner/cypress_runner.js:139902:43)\nFrom Your Spec Code:\n    at CommunPO.visitPageAcceuil (webpack://cypressautomation/./cypress/support/pageObject/communPO.js:5:11)\n    at Context.eval (webpack://cypressautomation/./cypress/e2e/tableau.cy.js:9:15)",
                "diff": null
              },
              "uuid": "56938b29-a0e2-4f09-ac0d-0505802a78c0",
              "parentUUID": "e22bec0f-d46a-42df-85a3-ab5af1c993e5",
              "isHook": false,
              "skipped": false
            }
          ],
          "suites": [],
          "passes": [],
          "failures": [
            "56938b29-a0e2-4f09-ac0d-0505802a78c0"
          ],
          "pending": [],
          "skipped": [],
          "duration": 304,
          "root": false,
          "rootEmpty": false,
          "_timeout": 2000
        }
      ],
      "passes": [],
      "failures": [],
      "pending": [],
      "skipped": [],
      "duration": 0,
      "root": true,
      "rootEmpty": true,
      "_timeout": 2000
    }
  ],
  "meta": {
    "mocha": {
      "version": "7.0.1"
    },
    "mochawesome": {
      "options": {
        "quiet": false,
        "reportFilename": "mochawesome",
        "saveHtml": false,
        "saveJson": true,
        "consoleReporter": "spec",
        "useInlineDiffs": false,
        "code": true
      },
      "version": "7.1.3"
    },
    "marge": {
      "options": {
        "reportDir": "cypress\\results\\mochawesome\\.jsons",
        "overwrite": false,
        "html": false,
        "json": true
      },
      "version": "6.2.0"
    }
  }
}