{
  "stats": {
    "suites": 1,
    "tests": 2,
    "passes": 2,
    "pending": 0,
    "failures": 0,
    "start": "2025-05-06T21:40:50.813Z",
    "end": "2025-05-06T21:40:57.751Z",
    "duration": 6938,
    "testsRegistered": 2,
    "passPercent": 100,
    "pendingPercent": 0,
    "other": 0,
    "hasOther": false,
    "skipped": 0,
    "hasSkipped": false
  },
  "results": [
    {
      "uuid": "0b1f4e75-1b8c-469b-a517-bf327bd81040",
      "title": "",
      "fullFile": "cypress\\e2e\\features\\connexion.feature",
      "file": "cypress\\e2e\\features\\connexion.feature",
      "beforeHooks": [],
      "afterHooks": [],
      "tests": [],
      "suites": [
        {
          "uuid": "78e2ed61-958b-4328-ba5d-7bd2402fe139",
          "title": "fonctionnalité de connexion",
          "fullFile": "",
          "file": "",
          "beforeHooks": [],
          "afterHooks": [],
          "tests": [
            {
              "title": "Connexion réussie",
              "fullTitle": "fonctionnalité de connexion Connexion réussie",
              "timedOut": null,
              "duration": 4501,
              "state": "passed",
              "speed": "fast",
              "pass": true,
              "fail": false,
              "pending": false,
              "context": null,
              "code": "const state = window.testState;\nreturn cy\n  .then(() => state.onStartScenario(scenario, indexedSteps))\n  .then(() =>\n    resolveAndRunBeforeHooks.call(this, scenario.tags, state.feature.name)\n  )\n  .then(() =>\n    indexedSteps.forEach((step) =>\n      stepTest.call(this, state, step, rowData)\n    )\n  )\n  .then(() => state.onFinishScenario(scenario));",
              "err": {},
              "uuid": "88d0ac03-ee63-4c72-a130-24326a6e261c",
              "parentUUID": "78e2ed61-958b-4328-ba5d-7bd2402fe139",
              "isHook": false,
              "skipped": false
            },
            {
              "title": "Connexion en echec",
              "fullTitle": "fonctionnalité de connexion Connexion en echec",
              "timedOut": null,
              "duration": 2307,
              "state": "passed",
              "speed": "fast",
              "pass": true,
              "fail": false,
              "pending": false,
              "context": null,
              "code": "const state = window.testState;\nreturn cy\n  .then(() => state.onStartScenario(scenario, indexedSteps))\n  .then(() =>\n    resolveAndRunBeforeHooks.call(this, scenario.tags, state.feature.name)\n  )\n  .then(() =>\n    indexedSteps.forEach((step) =>\n      stepTest.call(this, state, step, rowData)\n    )\n  )\n  .then(() => state.onFinishScenario(scenario));",
              "err": {},
              "uuid": "c912a8f6-5080-4779-aa67-740e319902eb",
              "parentUUID": "78e2ed61-958b-4328-ba5d-7bd2402fe139",
              "isHook": false,
              "skipped": false
            }
          ],
          "suites": [],
          "passes": [
            "88d0ac03-ee63-4c72-a130-24326a6e261c",
            "c912a8f6-5080-4779-aa67-740e319902eb"
          ],
          "failures": [],
          "pending": [],
          "skipped": [],
          "duration": 6808,
          "root": false,
          "rootEmpty": false,
          "_timeout": 2000
        }
      ],
      "passes": [],
      "failures": [],
      "pending": [],
      "skipped": [],
      "duration": 0,
      "root": true,
      "rootEmpty": true,
      "_timeout": 2000
    }
  ],
  "meta": {
    "mocha": {
      "version": "7.2.0"
    },
    "mochawesome": {
      "options": {
        "quiet": false,
        "reportFilename": "mochawesome",
        "saveHtml": false,
        "saveJson": true,
        "consoleReporter": "spec",
        "useInlineDiffs": false,
        "code": true
      },
      "version": "7.1.3"
    },
    "marge": {
      "options": {
        "reportDir": "cypress\\results\\mochawesome\\.jsons",
        "overwrite": false,
        "html": false,
        "json": true
      },
      "version": "6.2.0"
    }
  }
}