{
  "stats": {
    "suites": 1,
    "tests": 1,
    "passes": 0,
    "pending": 0,
    "failures": 1,
    "start": "2025-03-31T13:03:29.480Z",
    "end": "2025-03-31T13:03:34.282Z",
    "duration": 4802,
    "testsRegistered": 1,
    "passPercent": 0,
    "pendingPercent": 0,
    "other": 0,
    "hasOther": false,
    "skipped": 0,
    "hasSkipped": false
  },
  "results": [
    {
      "uuid": "9a556316-d881-47e8-9209-c87af134af9e",
      "title": "",
      "fullFile": "cypress\\e2e\\autocompletion.cy.js",
      "file": "cypress\\e2e\\autocompletion.cy.js",
      "beforeHooks": [],
      "afterHooks": [],
      "tests": [],
      "suites": [
        {
          "uuid": "494a2820-3cea-40d3-a859-446194789dda",
          "title": "",
          "fullFile": "",
          "file": "",
          "beforeHooks": [],
          "afterHooks": [],
          "tests": [
            {
              "title": "",
              "fullTitle": " ",
              "timedOut": null,
              "duration": 4719,
              "state": "failed",
              "speed": null,
              "pass": false,
              "fail": true,
              "pending": false,
              "context": null,
              "code": "cy.get();",
              "err": {
                "message": "AssertionError: Timed out retrying after 4000ms: Expected to find element: `undefined`, but never found it.",
                "estack": "AssertionError: Timed out retrying after 4000ms: Expected to find element: `undefined`, but never found it.\n    at Context.eval (webpack://cypressautomation/./cypress/e2e/autocompletion.cy.js:5:11)",
                "diff": null
              },
              "uuid": "e16e86b1-59b9-4087-9c1c-173517ab24f6",
              "parentUUID": "494a2820-3cea-40d3-a859-446194789dda",
              "isHook": false,
              "skipped": false
            }
          ],
          "suites": [],
          "passes": [],
          "failures": [
            "e16e86b1-59b9-4087-9c1c-173517ab24f6"
          ],
          "pending": [],
          "skipped": [],
          "duration": 4719,
          "root": false,
          "rootEmpty": false,
          "_timeout": 2000
        }
      ],
      "passes": [],
      "failures": [],
      "pending": [],
      "skipped": [],
      "duration": 0,
      "root": true,
      "rootEmpty": true,
      "_timeout": 2000
    }
  ],
  "meta": {
    "mocha": {
      "version": "7.0.1"
    },
    "mochawesome": {
      "options": {
        "quiet": false,
        "reportFilename": "mochawesome",
        "saveHtml": false,
        "saveJson": true,
        "consoleReporter": "spec",
        "useInlineDiffs": false,
        "code": true
      },
      "version": "7.1.3"
    },
    "marge": {
      "options": {
        "reportDir": "cypress\\results\\mochawesome\\.jsons",
        "overwrite": false,
        "html": false,
        "json": true
      },
      "version": "6.2.0"
    }
  }
}