{
  "stats": {
    "suites": 1,
    "tests": 2,
    "passes": 2,
    "pending": 0,
    "failures": 0,
    "start": "2025-05-05T12:58:29.134Z",
    "end": "2025-05-05T12:58:43.559Z",
    "duration": 14425,
    "testsRegistered": 2,
    "passPercent": 100,
    "pendingPercent": 0,
    "other": 0,
    "hasOther": false,
    "skipped": 0,
    "hasSkipped": false
  },
  "results": [
    {
      "uuid": "54b9b953-1ee8-477c-84e9-b00ee26513cb",
      "title": "",
      "fullFile": "cypress\\e2e\\features\\connexion.feature",
      "file": "cypress\\e2e\\features\\connexion.feature",
      "beforeHooks": [],
      "afterHooks": [],
      "tests": [],
      "suites": [
        {
          "uuid": "5c4c3cc5-5446-44c7-be44-458de399e49d",
          "title": "fonctionnalité de connexion",
          "fullFile": "",
          "file": "",
          "beforeHooks": [],
          "afterHooks": [],
          "tests": [
            {
              "title": "Connexion réussie",
              "fullTitle": "fonctionnalité de connexion Connexion réussie",
              "timedOut": null,
              "duration": 12120,
              "state": "passed",
              "speed": "slow",
              "pass": true,
              "fail": false,
              "pending": false,
              "context": null,
              "code": "const state = window.testState;\nreturn cy\n  .then(() => state.onStartScenario(scenario, indexedSteps))\n  .then(() =>\n    resolveAndRunBeforeHooks.call(this, scenario.tags, state.feature.name)\n  )\n  .then(() =>\n    indexedSteps.forEach((step) =>\n      stepTest.call(this, state, step, rowData)\n    )\n  )\n  .then(() => state.onFinishScenario(scenario));",
              "err": {},
              "uuid": "c57eb626-1f99-4aae-8c5d-ff3e36a4eccc",
              "parentUUID": "5c4c3cc5-5446-44c7-be44-458de399e49d",
              "isHook": false,
              "skipped": false
            },
            {
              "title": "Connexion en echec",
              "fullTitle": "fonctionnalité de connexion Connexion en echec",
              "timedOut": null,
              "duration": 2163,
              "state": "passed",
              "speed": "fast",
              "pass": true,
              "fail": false,
              "pending": false,
              "context": null,
              "code": "const state = window.testState;\nreturn cy\n  .then(() => state.onStartScenario(scenario, indexedSteps))\n  .then(() =>\n    resolveAndRunBeforeHooks.call(this, scenario.tags, state.feature.name)\n  )\n  .then(() =>\n    indexedSteps.forEach((step) =>\n      stepTest.call(this, state, step, rowData)\n    )\n  )\n  .then(() => state.onFinishScenario(scenario));",
              "err": {},
              "uuid": "6488f0b1-ae12-48e5-80fc-9102213facc7",
              "parentUUID": "5c4c3cc5-5446-44c7-be44-458de399e49d",
              "isHook": false,
              "skipped": false
            }
          ],
          "suites": [],
          "passes": [
            "c57eb626-1f99-4aae-8c5d-ff3e36a4eccc",
            "6488f0b1-ae12-48e5-80fc-9102213facc7"
          ],
          "failures": [],
          "pending": [],
          "skipped": [],
          "duration": 14283,
          "root": false,
          "rootEmpty": false,
          "_timeout": 2000
        }
      ],
      "passes": [],
      "failures": [],
      "pending": [],
      "skipped": [],
      "duration": 0,
      "root": true,
      "rootEmpty": true,
      "_timeout": 2000
    }
  ],
  "meta": {
    "mocha": {
      "version": "7.0.1"
    },
    "mochawesome": {
      "options": {
        "quiet": false,
        "reportFilename": "mochawesome",
        "saveHtml": false,
        "saveJson": true,
        "consoleReporter": "spec",
        "useInlineDiffs": false,
        "code": true
      },
      "version": "7.1.3"
    },
    "marge": {
      "options": {
        "reportDir": "cypress\\results\\mochawesome\\.jsons",
        "overwrite": false,
        "html": false,
        "json": true
      },
      "version": "6.2.0"
    }
  }
}