{
  "stats": {
    "suites": 1,
    "tests": 2,
    "passes": 2,
    "pending": 0,
    "failures": 0,
    "start": "2025-05-06T21:42:43.049Z",
    "end": "2025-05-06T21:42:50.112Z",
    "duration": 7063,
    "testsRegistered": 2,
    "passPercent": 100,
    "pendingPercent": 0,
    "other": 0,
    "hasOther": false,
    "skipped": 0,
    "hasSkipped": false
  },
  "results": [
    {
      "uuid": "20587521-0f4a-4d4e-8402-59de38952afc",
      "title": "",
      "fullFile": "cypress\\e2e\\features\\connexion.feature",
      "file": "cypress\\e2e\\features\\connexion.feature",
      "beforeHooks": [],
      "afterHooks": [],
      "tests": [],
      "suites": [
        {
          "uuid": "be602a29-846c-4bf0-a56d-5a335a2e4ab8",
          "title": "fonctionnalité de connexion",
          "fullFile": "",
          "file": "",
          "beforeHooks": [],
          "afterHooks": [],
          "tests": [
            {
              "title": "Connexion réussie",
              "fullTitle": "fonctionnalité de connexion Connexion réussie",
              "timedOut": null,
              "duration": 4811,
              "state": "passed",
              "speed": "fast",
              "pass": true,
              "fail": false,
              "pending": false,
              "context": null,
              "code": "const state = window.testState;\nreturn cy\n  .then(() => state.onStartScenario(scenario, indexedSteps))\n  .then(() =>\n    resolveAndRunBeforeHooks.call(this, scenario.tags, state.feature.name)\n  )\n  .then(() =>\n    indexedSteps.forEach((step) =>\n      stepTest.call(this, state, step, rowData)\n    )\n  )\n  .then(() => state.onFinishScenario(scenario));",
              "err": {},
              "uuid": "d307a258-f14c-47dc-964a-eb5944f6d10d",
              "parentUUID": "be602a29-846c-4bf0-a56d-5a335a2e4ab8",
              "isHook": false,
              "skipped": false
            },
            {
              "title": "Connexion en echec",
              "fullTitle": "fonctionnalité de connexion Connexion en echec",
              "timedOut": null,
              "duration": 2136,
              "state": "passed",
              "speed": "fast",
              "pass": true,
              "fail": false,
              "pending": false,
              "context": null,
              "code": "const state = window.testState;\nreturn cy\n  .then(() => state.onStartScenario(scenario, indexedSteps))\n  .then(() =>\n    resolveAndRunBeforeHooks.call(this, scenario.tags, state.feature.name)\n  )\n  .then(() =>\n    indexedSteps.forEach((step) =>\n      stepTest.call(this, state, step, rowData)\n    )\n  )\n  .then(() => state.onFinishScenario(scenario));",
              "err": {},
              "uuid": "d9fd61d1-0c80-4a38-9b44-7d9083ddd3fb",
              "parentUUID": "be602a29-846c-4bf0-a56d-5a335a2e4ab8",
              "isHook": false,
              "skipped": false
            }
          ],
          "suites": [],
          "passes": [
            "d307a258-f14c-47dc-964a-eb5944f6d10d",
            "d9fd61d1-0c80-4a38-9b44-7d9083ddd3fb"
          ],
          "failures": [],
          "pending": [],
          "skipped": [],
          "duration": 6947,
          "root": false,
          "rootEmpty": false,
          "_timeout": 2000
        }
      ],
      "passes": [],
      "failures": [],
      "pending": [],
      "skipped": [],
      "duration": 0,
      "root": true,
      "rootEmpty": true,
      "_timeout": 2000
    }
  ],
  "meta": {
    "mocha": {
      "version": "7.2.0"
    },
    "mochawesome": {
      "options": {
        "quiet": false,
        "reportFilename": "mochawesome",
        "saveHtml": false,
        "saveJson": true,
        "consoleReporter": "spec",
        "useInlineDiffs": false,
        "code": true
      },
      "version": "7.1.3"
    },
    "marge": {
      "options": {
        "reportDir": "cypress\\results\\mochawesome\\.jsons",
        "overwrite": false,
        "html": false,
        "json": true
      },
      "version": "6.2.0"
    }
  }
}