{
  "stats": {
    "suites": 1,
    "tests": 1,
    "passes": 1,
    "pending": 0,
    "failures": 0,
    "start": "2025-03-31T13:03:42.638Z",
    "end": "2025-03-31T13:03:48.229Z",
    "duration": 5591,
    "testsRegistered": 1,
    "passPercent": 100,
    "pendingPercent": 0,
    "other": 0,
    "hasOther": false,
    "skipped": 0,
    "hasSkipped": false
  },
  "results": [
    {
      "uuid": "1acd31e7-1f0b-4ac0-b024-32ac3a4f8b87",
      "title": "",
      "fullFile": "cypress\\e2e\\baseURL.cy.js",
      "file": "cypress\\e2e\\baseURL.cy.js",
      "beforeHooks": [],
      "afterHooks": [],
      "tests": [],
      "suites": [
        {
          "uuid": "40808529-370d-4a08-8b08-3016c79e769b",
          "title": "Difference entre les commandes Jquery et Cypress",
          "fullFile": "",
          "file": "",
          "beforeHooks": [],
          "afterHooks": [],
          "tests": [
            {
              "title": "Utiliser les commandes Jquery et Cypress",
              "fullTitle": "Difference entre les commandes Jquery et Cypress Utiliser les commandes Jquery et Cypress",
              "timedOut": null,
              "duration": 5473,
              "state": "passed",
              "speed": "medium",
              "pass": true,
              "fail": false,
              "pending": false,
              "context": null,
              "code": "cy.visit('/', {\n  timeout: 30000\n});\ncy.get(':nth-child(2) > .oxd-input-group > :nth-child(2) > .oxd-input').type('Admin');\ncy.get(':nth-child(3) > .oxd-input-group > :nth-child(2) > .oxd-input').type('admin123');\ncy.get('.oxd-button').click();\n// cy.wait(1000)\ncy.get(\".oxd-sidepanel-body\").wait(1000).contains(\"Admin\" /*{timeout: 15000}*/).click();",
              "err": {},
              "uuid": "ad591660-6f65-405d-ac3a-70ff63349aff",
              "parentUUID": "40808529-370d-4a08-8b08-3016c79e769b",
              "isHook": false,
              "skipped": false
            }
          ],
          "suites": [],
          "passes": [
            "ad591660-6f65-405d-ac3a-70ff63349aff"
          ],
          "failures": [],
          "pending": [],
          "skipped": [],
          "duration": 5473,
          "root": false,
          "rootEmpty": false,
          "_timeout": 2000
        }
      ],
      "passes": [],
      "failures": [],
      "pending": [],
      "skipped": [],
      "duration": 0,
      "root": true,
      "rootEmpty": true,
      "_timeout": 2000
    }
  ],
  "meta": {
    "mocha": {
      "version": "7.0.1"
    },
    "mochawesome": {
      "options": {
        "quiet": false,
        "reportFilename": "mochawesome",
        "saveHtml": false,
        "saveJson": true,
        "consoleReporter": "spec",
        "useInlineDiffs": false,
        "code": true
      },
      "version": "7.1.3"
    },
    "marge": {
      "options": {
        "reportDir": "cypress\\results\\mochawesome\\.jsons",
        "overwrite": false,
        "html": false,
        "json": true
      },
      "version": "6.2.0"
    }
  }
}