{
  "stats": {
    "suites": 1,
    "tests": 1,
    "passes": 1,
    "pending": 0,
    "failures": 0,
    "start": "2025-03-31T13:08:32.404Z",
    "end": "2025-03-31T13:08:37.466Z",
    "duration": 5062,
    "testsRegistered": 1,
    "passPercent": 100,
    "pendingPercent": 0,
    "other": 0,
    "hasOther": false,
    "skipped": 0,
    "hasSkipped": false
  },
  "results": [
    {
      "uuid": "f2911e64-19bd-45c4-8eb4-f75b22379d76",
      "title": "",
      "fullFile": "cypress\\e2e\\radioCheckBox.cy.js",
      "file": "cypress\\e2e\\radioCheckBox.cy.js",
      "beforeHooks": [],
      "afterHooks": [],
      "tests": [],
      "suites": [
        {
          "uuid": "f56f7399-009b-4659-8982-941b0b30296b",
          "title": "Bouton radio et checkbox",
          "fullFile": "",
          "file": "",
          "beforeHooks": [],
          "afterHooks": [],
          "tests": [
            {
              "title": "Test radio et checkbox",
              "fullTitle": "Bouton radio et checkbox Test radio et checkbox",
              "timedOut": null,
              "duration": 2668,
              "state": "passed",
              "speed": "fast",
              "pass": true,
              "fail": false,
              "pending": false,
              "context": null,
              "code": "cy.get('[type=\"radio\"]').first().then(radio1 => {\n  cy.wrap(radio1).check();\n  cy.wrap(radio1).should('be.checked');\n});\ncy.get('[type=\"radio\"]').eq(1).then(radio2 => {\n  cy.wrap(radio2).check();\n  cy.wrap(radio2).should('be.checked');\n});\n/*\n*   Methode d'indexation\n*   1 [0],  2 [1],  3 [2]\n*   eq [0],  eq [1],  eq [2]\n*/\ncy.get('[type=\"radio\"]').last().then(radio3 => {\n  cy.wrap(radio3).check();\n  cy.wrap(radio3).should('be.checked');\n});\ncy.get('[type=\"checkbox\"]').then(checkbox => {\n  cy.wrap(checkbox).check(\"Bike\");\n  cy.wrap(checkbox).should(\"be.checked\");\n  cy.wrap(checkbox).uncheck(\"Bike\");\n  cy.wrap(checkbox).should(\"not.be.checked\");\n});",
              "err": {},
              "uuid": "c98ccc7a-6e83-4c17-915a-8cd748dd0941",
              "parentUUID": "f56f7399-009b-4659-8982-941b0b30296b",
              "isHook": false,
              "skipped": false
            }
          ],
          "suites": [],
          "passes": [
            "c98ccc7a-6e83-4c17-915a-8cd748dd0941"
          ],
          "failures": [],
          "pending": [],
          "skipped": [],
          "duration": 2668,
          "root": false,
          "rootEmpty": false,
          "_timeout": 2000
        }
      ],
      "passes": [],
      "failures": [],
      "pending": [],
      "skipped": [],
      "duration": 0,
      "root": true,
      "rootEmpty": true,
      "_timeout": 2000
    }
  ],
  "meta": {
    "mocha": {
      "version": "7.0.1"
    },
    "mochawesome": {
      "options": {
        "quiet": false,
        "reportFilename": "mochawesome",
        "saveHtml": false,
        "saveJson": true,
        "consoleReporter": "spec",
        "useInlineDiffs": false,
        "code": true
      },
      "version": "7.1.3"
    },
    "marge": {
      "options": {
        "reportDir": "cypress\\results\\mochawesome\\.jsons",
        "overwrite": false,
        "html": false,
        "json": true
      },
      "version": "6.2.0"
    }
  }
}