{
  "stats": {
    "suites": 1,
    "tests": 1,
    "passes": 1,
    "pending": 0,
    "failures": 0,
    "start": "2025-03-31T13:04:25.553Z",
    "end": "2025-03-31T13:04:25.729Z",
    "duration": 176,
    "testsRegistered": 1,
    "passPercent": 100,
    "pendingPercent": 0,
    "other": 0,
    "hasOther": false,
    "skipped": 0,
    "hasSkipped": false
  },
  "results": [
    {
      "uuid": "762b7245-ff1a-4c3c-8da5-c9d89bd346b0",
      "title": "",
      "fullFile": "cypress\\e2e\\frameworkMocha.cy.js",
      "file": "cypress\\e2e\\frameworkMocha.cy.js",
      "beforeHooks": [],
      "afterHooks": [],
      "tests": [],
      "suites": [
        {
          "uuid": "8c20c484-6f90-459d-97b4-630cbe02c713",
          "title": "Framework Mocha",
          "fullFile": "",
          "file": "",
          "beforeHooks": [],
          "afterHooks": [],
          "tests": [
            {
              "title": "Mocha avec Cypress 1",
              "fullTitle": "Framework Mocha Mocha avec Cypress 1",
              "timedOut": null,
              "duration": 47,
              "state": "passed",
              "speed": "fast",
              "pass": true,
              "fail": false,
              "pending": false,
              "context": null,
              "code": "cy.log(\"Mon test mocha 1\");",
              "err": {},
              "uuid": "d968f3a2-bb7c-4ec2-ab6c-7d4ef6586b0f",
              "parentUUID": "8c20c484-6f90-459d-97b4-630cbe02c713",
              "isHook": false,
              "skipped": false
            }
          ],
          "suites": [],
          "passes": [
            "d968f3a2-bb7c-4ec2-ab6c-7d4ef6586b0f"
          ],
          "failures": [],
          "pending": [],
          "skipped": [],
          "duration": 47,
          "root": false,
          "rootEmpty": false,
          "_timeout": 2000
        }
      ],
      "passes": [],
      "failures": [],
      "pending": [],
      "skipped": [],
      "duration": 0,
      "root": true,
      "rootEmpty": true,
      "_timeout": 2000
    }
  ],
  "meta": {
    "mocha": {
      "version": "7.0.1"
    },
    "mochawesome": {
      "options": {
        "quiet": false,
        "reportFilename": "mochawesome",
        "saveHtml": false,
        "saveJson": true,
        "consoleReporter": "spec",
        "useInlineDiffs": false,
        "code": true
      },
      "version": "7.1.3"
    },
    "marge": {
      "options": {
        "reportDir": "cypress\\results\\mochawesome\\.jsons",
        "overwrite": false,
        "html": false,
        "json": true
      },
      "version": "6.2.0"
    }
  }
}